[11-Dec-2024 14:45:05 Europe/Berlin] PHP Warning:  Undefined variable $artManage in D:\xampp\htdocs\Worxist-Website-master\admin\admin.php on line 49
[11-Dec-2024 14:45:05 Europe/Berlin] PHP Fatal error:  Uncaught Error: Call to a member function approveAllRequests() on null in D:\xampp\htdocs\Worxist-Website-master\admin\admin.php:49
Stack trace:
#0 {main}
  thrown in D:\xampp\htdocs\Worxist-Website-master\admin\admin.php on line 49
[11-Dec-2024 14:48:05 Europe/Berlin] PHP Warning:  Undefined variable $artManage in D:\xampp\htdocs\Worxist-Website-master\admin\admin.php on line 50
[11-Dec-2024 14:48:05 Europe/Berlin] PHP Fatal error:  Uncaught Error: Call to a member function approveAllRequests() on null in D:\xampp\htdocs\Worxist-Website-master\admin\admin.php:50
Stack trace:
#0 {main}
  thrown in D:\xampp\htdocs\Worxist-Website-master\admin\admin.php on line 50
[11-Dec-2024 15:13:05 Europe/Berlin] PHP Warning:  Undefined variable $userName in D:\xampp\htdocs\Worxist-Website-master\admin\admin.php on line 76
[11-Dec-2024 15:13:05 Europe/Berlin] PHP Fatal error:  Uncaught Error: Call to a member function changeUsername() on null in D:\xampp\htdocs\Worxist-Website-master\admin\admin.php:76
Stack trace:
#0 {main}
  thrown in D:\xampp\htdocs\Worxist-Website-master\admin\admin.php on line 76
[11-Dec-2024 16:19:19 Europe/Berlin] PHP Warning:  Undefined variable $weeklyStats in D:\xampp\htdocs\Worxist-Website-master\admin\admin.php on line 680
[11-Dec-2024 16:19:19 Europe/Berlin] PHP Warning:  Undefined variable $monthlyStats in D:\xampp\htdocs\Worxist-Website-master\admin\admin.php on line 687
[11-Dec-2024 16:19:19 Europe/Berlin] PHP Warning:  Undefined variable $yearlyStats in D:\xampp\htdocs\Worxist-Website-master\admin\admin.php on line 694
[11-Dec-2024 16:19:23 Europe/Berlin] PHP Warning:  Undefined variable $weeklyStats in D:\xampp\htdocs\Worxist-Website-master\admin\admin.php on line 680
[11-Dec-2024 16:19:23 Europe/Berlin] PHP Warning:  Undefined variable $monthlyStats in D:\xampp\htdocs\Worxist-Website-master\admin\admin.php on line 687
[11-Dec-2024 16:19:23 Europe/Berlin] PHP Warning:  Undefined variable $yearlyStats in D:\xampp\htdocs\Worxist-Website-master\admin\admin.php on line 694
[11-Dec-2024 16:21:42 Europe/Berlin] PHP Fatal error:  Uncaught PDOException: SQLSTATE[42S02]: Base table or view not found: 1146 Table 'gallery_db.favorites' doesn't exist in D:\xampp\htdocs\Worxist-Website-master\admin\admin.php:234
Stack trace:
#0 D:\xampp\htdocs\Worxist-Website-master\admin\admin.php(234): PDOStatement->execute()
#1 {main}
  thrown in D:\xampp\htdocs\Worxist-Website-master\admin\admin.php on line 234
[11-Dec-2024 16:22:09 Europe/Berlin] PHP Fatal error:  Uncaught PDOException: SQLSTATE[42S02]: Base table or view not found: 1146 Table 'gallery_db.favorites' doesn't exist in D:\xampp\htdocs\Worxist-Website-master\admin\admin.php:234
Stack trace:
#0 D:\xampp\htdocs\Worxist-Website-master\admin\admin.php(234): PDOStatement->execute()
#1 {main}
  thrown in D:\xampp\htdocs\Worxist-Website-master\admin\admin.php on line 234
[11-Dec-2024 16:22:11 Europe/Berlin] PHP Fatal error:  Uncaught PDOException: SQLSTATE[42S02]: Base table or view not found: 1146 Table 'gallery_db.favorites' doesn't exist in D:\xampp\htdocs\Worxist-Website-master\admin\admin.php:234
Stack trace:
#0 D:\xampp\htdocs\Worxist-Website-master\admin\admin.php(234): PDOStatement->execute()
#1 {main}
  thrown in D:\xampp\htdocs\Worxist-Website-master\admin\admin.php on line 234
[11-Dec-2024 16:22:11 Europe/Berlin] PHP Fatal error:  Uncaught PDOException: SQLSTATE[42S02]: Base table or view not found: 1146 Table 'gallery_db.favorites' doesn't exist in D:\xampp\htdocs\Worxist-Website-master\admin\admin.php:234
Stack trace:
#0 D:\xampp\htdocs\Worxist-Website-master\admin\admin.php(234): PDOStatement->execute()
#1 {main}
  thrown in D:\xampp\htdocs\Worxist-Website-master\admin\admin.php on line 234
[11-Dec-2024 16:22:12 Europe/Berlin] PHP Fatal error:  Uncaught PDOException: SQLSTATE[42S02]: Base table or view not found: 1146 Table 'gallery_db.favorites' doesn't exist in D:\xampp\htdocs\Worxist-Website-master\admin\admin.php:234
Stack trace:
#0 D:\xampp\htdocs\Worxist-Website-master\admin\admin.php(234): PDOStatement->execute()
#1 {main}
  thrown in D:\xampp\htdocs\Worxist-Website-master\admin\admin.php on line 234
[11-Dec-2024 16:22:12 Europe/Berlin] PHP Fatal error:  Uncaught PDOException: SQLSTATE[42S02]: Base table or view not found: 1146 Table 'gallery_db.favorites' doesn't exist in D:\xampp\htdocs\Worxist-Website-master\admin\admin.php:234
Stack trace:
#0 D:\xampp\htdocs\Worxist-Website-master\admin\admin.php(234): PDOStatement->execute()
#1 {main}
  thrown in D:\xampp\htdocs\Worxist-Website-master\admin\admin.php on line 234
[11-Dec-2024 16:22:12 Europe/Berlin] PHP Fatal error:  Uncaught PDOException: SQLSTATE[42S02]: Base table or view not found: 1146 Table 'gallery_db.favorites' doesn't exist in D:\xampp\htdocs\Worxist-Website-master\admin\admin.php:234
Stack trace:
#0 D:\xampp\htdocs\Worxist-Website-master\admin\admin.php(234): PDOStatement->execute()
#1 {main}
  thrown in D:\xampp\htdocs\Worxist-Website-master\admin\admin.php on line 234
[11-Dec-2024 16:22:26 Europe/Berlin] PHP Fatal error:  Uncaught PDOException: SQLSTATE[42S22]: Column not found: 1054 Unknown column 'saved.saved_id' in 'field list' in D:\xampp\htdocs\Worxist-Website-master\admin\admin.php:234
Stack trace:
#0 D:\xampp\htdocs\Worxist-Website-master\admin\admin.php(234): PDOStatement->execute()
#1 {main}
  thrown in D:\xampp\htdocs\Worxist-Website-master\admin\admin.php on line 234
[11-Dec-2024 16:23:15 Europe/Berlin] PHP Fatal error:  Uncaught PDOException: SQLSTATE[42S22]: Column not found: 1054 Unknown column 'saved.saved_id' in 'field list' in D:\xampp\htdocs\Worxist-Website-master\admin\admin.php:234
Stack trace:
#0 D:\xampp\htdocs\Worxist-Website-master\admin\admin.php(234): PDOStatement->execute()
#1 {main}
  thrown in D:\xampp\htdocs\Worxist-Website-master\admin\admin.php on line 234
[11-Dec-2024 16:23:16 Europe/Berlin] PHP Fatal error:  Uncaught PDOException: SQLSTATE[42S22]: Column not found: 1054 Unknown column 'saved.saved_id' in 'field list' in D:\xampp\htdocs\Worxist-Website-master\admin\admin.php:234
Stack trace:
#0 D:\xampp\htdocs\Worxist-Website-master\admin\admin.php(234): PDOStatement->execute()
#1 {main}
  thrown in D:\xampp\htdocs\Worxist-Website-master\admin\admin.php on line 234
[11-Dec-2024 16:23:16 Europe/Berlin] PHP Fatal error:  Uncaught PDOException: SQLSTATE[42S22]: Column not found: 1054 Unknown column 'saved.saved_id' in 'field list' in D:\xampp\htdocs\Worxist-Website-master\admin\admin.php:234
Stack trace:
#0 D:\xampp\htdocs\Worxist-Website-master\admin\admin.php(234): PDOStatement->execute()
#1 {main}
  thrown in D:\xampp\htdocs\Worxist-Website-master\admin\admin.php on line 234
[11-Dec-2024 16:23:16 Europe/Berlin] PHP Fatal error:  Uncaught PDOException: SQLSTATE[42S22]: Column not found: 1054 Unknown column 'saved.saved_id' in 'field list' in D:\xampp\htdocs\Worxist-Website-master\admin\admin.php:234
Stack trace:
#0 D:\xampp\htdocs\Worxist-Website-master\admin\admin.php(234): PDOStatement->execute()
#1 {main}
  thrown in D:\xampp\htdocs\Worxist-Website-master\admin\admin.php on line 234
[11-Dec-2024 16:23:17 Europe/Berlin] PHP Fatal error:  Uncaught PDOException: SQLSTATE[42S22]: Column not found: 1054 Unknown column 'saved.saved_id' in 'field list' in D:\xampp\htdocs\Worxist-Website-master\admin\admin.php:234
Stack trace:
#0 D:\xampp\htdocs\Worxist-Website-master\admin\admin.php(234): PDOStatement->execute()
#1 {main}
  thrown in D:\xampp\htdocs\Worxist-Website-master\admin\admin.php on line 234
[13-Dec-2024 05:01:19 Europe/Berlin] PHP Fatal error:  Uncaught Error: Class "ExhibitManager" not found in D:\xampp\htdocs\Worxist-Website-master\admin\admin.php:35
Stack trace:
#0 {main}
  thrown in D:\xampp\htdocs\Worxist-Website-master\admin\admin.php on line 35
[13-Dec-2024 10:54:48 Europe/Berlin] PHP Warning:  Undefined variable $exhibits in D:\xampp\htdocs\Worxist-Website-master\admin\admin.php on line 457
[13-Dec-2024 10:54:48 Europe/Berlin] PHP Fatal error:  Uncaught TypeError: count(): Argument #1 ($value) must be of type Countable|array, null given in D:\xampp\htdocs\Worxist-Website-master\admin\admin.php:457
Stack trace:
#0 {main}
  thrown in D:\xampp\htdocs\Worxist-Website-master\admin\admin.php on line 457
[13-Dec-2024 10:54:51 Europe/Berlin] PHP Warning:  Undefined variable $exhibits in D:\xampp\htdocs\Worxist-Website-master\admin\admin.php on line 457
[13-Dec-2024 10:54:51 Europe/Berlin] PHP Fatal error:  Uncaught TypeError: count(): Argument #1 ($value) must be of type Countable|array, null given in D:\xampp\htdocs\Worxist-Website-master\admin\admin.php:457
Stack trace:
#0 {main}
  thrown in D:\xampp\htdocs\Worxist-Website-master\admin\admin.php on line 457
[13-Dec-2024 11:07:04 Europe/Berlin] PHP Warning:  Undefined variable $exhibits in D:\xampp\htdocs\Worxist-Website-master\admin\admin.php on line 457
[13-Dec-2024 11:07:04 Europe/Berlin] PHP Fatal error:  Uncaught TypeError: count(): Argument #1 ($value) must be of type Countable|array, null given in D:\xampp\htdocs\Worxist-Website-master\admin\admin.php:457
Stack trace:
#0 {main}
  thrown in D:\xampp\htdocs\Worxist-Website-master\admin\admin.php on line 457
[13-Dec-2024 11:07:06 Europe/Berlin] PHP Warning:  Undefined variable $exhibits in D:\xampp\htdocs\Worxist-Website-master\admin\admin.php on line 457
[13-Dec-2024 11:07:06 Europe/Berlin] PHP Fatal error:  Uncaught TypeError: count(): Argument #1 ($value) must be of type Countable|array, null given in D:\xampp\htdocs\Worxist-Website-master\admin\admin.php:457
Stack trace:
#0 {main}
  thrown in D:\xampp\htdocs\Worxist-Website-master\admin\admin.php on line 457
[13-Dec-2024 11:07:18 Europe/Berlin] PHP Warning:  Undefined variable $exhibits in D:\xampp\htdocs\Worxist-Website-master\admin\admin.php on line 457
[13-Dec-2024 11:07:18 Europe/Berlin] PHP Fatal error:  Uncaught TypeError: count(): Argument #1 ($value) must be of type Countable|array, null given in D:\xampp\htdocs\Worxist-Website-master\admin\admin.php:457
Stack trace:
#0 {main}
  thrown in D:\xampp\htdocs\Worxist-Website-master\admin\admin.php on line 457
[13-Dec-2024 11:07:20 Europe/Berlin] PHP Warning:  Undefined variable $exhibits in D:\xampp\htdocs\Worxist-Website-master\admin\admin.php on line 457
[13-Dec-2024 11:07:20 Europe/Berlin] PHP Fatal error:  Uncaught TypeError: count(): Argument #1 ($value) must be of type Countable|array, null given in D:\xampp\htdocs\Worxist-Website-master\admin\admin.php:457
Stack trace:
#0 {main}
  thrown in D:\xampp\htdocs\Worxist-Website-master\admin\admin.php on line 457
[13-Dec-2024 11:07:23 Europe/Berlin] PHP Warning:  Undefined variable $exhibits in D:\xampp\htdocs\Worxist-Website-master\admin\admin.php on line 457
[13-Dec-2024 11:07:23 Europe/Berlin] PHP Fatal error:  Uncaught TypeError: count(): Argument #1 ($value) must be of type Countable|array, null given in D:\xampp\htdocs\Worxist-Website-master\admin\admin.php:457
Stack trace:
#0 {main}
  thrown in D:\xampp\htdocs\Worxist-Website-master\admin\admin.php on line 457
[13-Dec-2024 11:07:46 Europe/Berlin] PHP Warning:  Undefined variable $exhibits in D:\xampp\htdocs\Worxist-Website-master\admin\admin.php on line 457
[13-Dec-2024 11:07:46 Europe/Berlin] PHP Fatal error:  Uncaught TypeError: count(): Argument #1 ($value) must be of type Countable|array, null given in D:\xampp\htdocs\Worxist-Website-master\admin\admin.php:457
Stack trace:
#0 {main}
  thrown in D:\xampp\htdocs\Worxist-Website-master\admin\admin.php on line 457
[13-Dec-2024 11:07:49 Europe/Berlin] PHP Warning:  Undefined variable $exhibits in D:\xampp\htdocs\Worxist-Website-master\admin\admin.php on line 457
[13-Dec-2024 11:07:49 Europe/Berlin] PHP Fatal error:  Uncaught TypeError: count(): Argument #1 ($value) must be of type Countable|array, null given in D:\xampp\htdocs\Worxist-Website-master\admin\admin.php:457
Stack trace:
#0 {main}
  thrown in D:\xampp\htdocs\Worxist-Website-master\admin\admin.php on line 457
[13-Dec-2024 11:07:54 Europe/Berlin] PHP Warning:  Undefined variable $exhibits in D:\xampp\htdocs\Worxist-Website-master\admin\admin.php on line 457
[13-Dec-2024 11:07:54 Europe/Berlin] PHP Fatal error:  Uncaught TypeError: count(): Argument #1 ($value) must be of type Countable|array, null given in D:\xampp\htdocs\Worxist-Website-master\admin\admin.php:457
Stack trace:
#0 {main}
  thrown in D:\xampp\htdocs\Worxist-Website-master\admin\admin.php on line 457
[13-Dec-2024 11:07:56 Europe/Berlin] PHP Warning:  Undefined variable $exhibits in D:\xampp\htdocs\Worxist-Website-master\admin\admin.php on line 457
[13-Dec-2024 11:07:56 Europe/Berlin] PHP Fatal error:  Uncaught TypeError: count(): Argument #1 ($value) must be of type Countable|array, null given in D:\xampp\htdocs\Worxist-Website-master\admin\admin.php:457
Stack trace:
#0 {main}
  thrown in D:\xampp\htdocs\Worxist-Website-master\admin\admin.php on line 457
[13-Dec-2024 11:07:58 Europe/Berlin] PHP Warning:  Undefined variable $exhibits in D:\xampp\htdocs\Worxist-Website-master\admin\admin.php on line 457
[13-Dec-2024 11:07:58 Europe/Berlin] PHP Fatal error:  Uncaught TypeError: count(): Argument #1 ($value) must be of type Countable|array, null given in D:\xampp\htdocs\Worxist-Website-master\admin\admin.php:457
Stack trace:
#0 {main}
  thrown in D:\xampp\htdocs\Worxist-Website-master\admin\admin.php on line 457
[13-Dec-2024 11:10:23 Europe/Berlin] PHP Warning:  Undefined variable $exhibits in D:\xampp\htdocs\Worxist-Website-master\admin\admin.php on line 457
[13-Dec-2024 11:10:23 Europe/Berlin] PHP Fatal error:  Uncaught TypeError: count(): Argument #1 ($value) must be of type Countable|array, null given in D:\xampp\htdocs\Worxist-Website-master\admin\admin.php:457
Stack trace:
#0 {main}
  thrown in D:\xampp\htdocs\Worxist-Website-master\admin\admin.php on line 457
[13-Dec-2024 11:10:29 Europe/Berlin] PHP Warning:  Undefined variable $exhibits in D:\xampp\htdocs\Worxist-Website-master\admin\admin.php on line 457
[13-Dec-2024 11:10:29 Europe/Berlin] PHP Fatal error:  Uncaught TypeError: count(): Argument #1 ($value) must be of type Countable|array, null given in D:\xampp\htdocs\Worxist-Website-master\admin\admin.php:457
Stack trace:
#0 {main}
  thrown in D:\xampp\htdocs\Worxist-Website-master\admin\admin.php on line 457
[13-Dec-2024 11:10:43 Europe/Berlin] PHP Warning:  Undefined variable $exhibits in D:\xampp\htdocs\Worxist-Website-master\admin\admin.php on line 457
[13-Dec-2024 11:10:43 Europe/Berlin] PHP Fatal error:  Uncaught TypeError: count(): Argument #1 ($value) must be of type Countable|array, null given in D:\xampp\htdocs\Worxist-Website-master\admin\admin.php:457
Stack trace:
#0 {main}
  thrown in D:\xampp\htdocs\Worxist-Website-master\admin\admin.php on line 457
[13-Dec-2024 11:10:44 Europe/Berlin] PHP Warning:  Undefined variable $exhibits in D:\xampp\htdocs\Worxist-Website-master\admin\admin.php on line 457
[13-Dec-2024 11:10:44 Europe/Berlin] PHP Fatal error:  Uncaught TypeError: count(): Argument #1 ($value) must be of type Countable|array, null given in D:\xampp\htdocs\Worxist-Website-master\admin\admin.php:457
Stack trace:
#0 {main}
  thrown in D:\xampp\htdocs\Worxist-Website-master\admin\admin.php on line 457
[13-Dec-2024 11:10:44 Europe/Berlin] PHP Warning:  Undefined variable $exhibits in D:\xampp\htdocs\Worxist-Website-master\admin\admin.php on line 457
[13-Dec-2024 11:10:44 Europe/Berlin] PHP Fatal error:  Uncaught TypeError: count(): Argument #1 ($value) must be of type Countable|array, null given in D:\xampp\htdocs\Worxist-Website-master\admin\admin.php:457
Stack trace:
#0 {main}
  thrown in D:\xampp\htdocs\Worxist-Website-master\admin\admin.php on line 457
[13-Dec-2024 11:11:39 Europe/Berlin] PHP Warning:  Undefined variable $exhibits in D:\xampp\htdocs\Worxist-Website-master\admin\admin.php on line 457
[13-Dec-2024 11:11:39 Europe/Berlin] PHP Fatal error:  Uncaught TypeError: count(): Argument #1 ($value) must be of type Countable|array, null given in D:\xampp\htdocs\Worxist-Website-master\admin\admin.php:457
Stack trace:
#0 {main}
  thrown in D:\xampp\htdocs\Worxist-Website-master\admin\admin.php on line 457
[13-Dec-2024 11:11:39 Europe/Berlin] PHP Warning:  Undefined variable $exhibits in D:\xampp\htdocs\Worxist-Website-master\admin\admin.php on line 457
[13-Dec-2024 11:11:39 Europe/Berlin] PHP Fatal error:  Uncaught TypeError: count(): Argument #1 ($value) must be of type Countable|array, null given in D:\xampp\htdocs\Worxist-Website-master\admin\admin.php:457
Stack trace:
#0 {main}
  thrown in D:\xampp\htdocs\Worxist-Website-master\admin\admin.php on line 457
[13-Dec-2024 11:11:48 Europe/Berlin] PHP Warning:  Undefined variable $exhibits in D:\xampp\htdocs\Worxist-Website-master\admin\admin.php on line 457
[13-Dec-2024 11:11:48 Europe/Berlin] PHP Fatal error:  Uncaught TypeError: count(): Argument #1 ($value) must be of type Countable|array, null given in D:\xampp\htdocs\Worxist-Website-master\admin\admin.php:457
Stack trace:
#0 {main}
  thrown in D:\xampp\htdocs\Worxist-Website-master\admin\admin.php on line 457
[13-Dec-2024 11:12:13 Europe/Berlin] PHP Warning:  Undefined variable $exhibits in D:\xampp\htdocs\Worxist-Website-master\admin\admin.php on line 457
[13-Dec-2024 11:12:13 Europe/Berlin] PHP Fatal error:  Uncaught TypeError: count(): Argument #1 ($value) must be of type Countable|array, null given in D:\xampp\htdocs\Worxist-Website-master\admin\admin.php:457
Stack trace:
#0 {main}
  thrown in D:\xampp\htdocs\Worxist-Website-master\admin\admin.php on line 457
[13-Dec-2024 11:12:23 Europe/Berlin] PHP Warning:  Undefined variable $exhibits in D:\xampp\htdocs\Worxist-Website-master\admin\admin.php on line 457
[13-Dec-2024 11:12:23 Europe/Berlin] PHP Fatal error:  Uncaught TypeError: count(): Argument #1 ($value) must be of type Countable|array, null given in D:\xampp\htdocs\Worxist-Website-master\admin\admin.php:457
Stack trace:
#0 {main}
  thrown in D:\xampp\htdocs\Worxist-Website-master\admin\admin.php on line 457
[13-Dec-2024 11:12:31 Europe/Berlin] PHP Warning:  Undefined variable $exhibits in D:\xampp\htdocs\Worxist-Website-master\admin\admin.php on line 457
[13-Dec-2024 11:12:31 Europe/Berlin] PHP Fatal error:  Uncaught TypeError: count(): Argument #1 ($value) must be of type Countable|array, null given in D:\xampp\htdocs\Worxist-Website-master\admin\admin.php:457
Stack trace:
#0 {main}
  thrown in D:\xampp\htdocs\Worxist-Website-master\admin\admin.php on line 457
[13-Dec-2024 11:12:39 Europe/Berlin] PHP Warning:  Undefined variable $exhibits in D:\xampp\htdocs\Worxist-Website-master\admin\admin.php on line 457
[13-Dec-2024 11:12:39 Europe/Berlin] PHP Fatal error:  Uncaught TypeError: count(): Argument #1 ($value) must be of type Countable|array, null given in D:\xampp\htdocs\Worxist-Website-master\admin\admin.php:457
Stack trace:
#0 {main}
  thrown in D:\xampp\htdocs\Worxist-Website-master\admin\admin.php on line 457
[13-Dec-2024 11:12:50 Europe/Berlin] PHP Warning:  Undefined variable $exhibits in D:\xampp\htdocs\Worxist-Website-master\admin\admin.php on line 457
[13-Dec-2024 11:12:50 Europe/Berlin] PHP Fatal error:  Uncaught TypeError: count(): Argument #1 ($value) must be of type Countable|array, null given in D:\xampp\htdocs\Worxist-Website-master\admin\admin.php:457
Stack trace:
#0 {main}
  thrown in D:\xampp\htdocs\Worxist-Website-master\admin\admin.php on line 457
[13-Dec-2024 11:12:58 Europe/Berlin] PHP Warning:  Undefined variable $exhibits in D:\xampp\htdocs\Worxist-Website-master\admin\admin.php on line 457
[13-Dec-2024 11:12:58 Europe/Berlin] PHP Fatal error:  Uncaught TypeError: count(): Argument #1 ($value) must be of type Countable|array, null given in D:\xampp\htdocs\Worxist-Website-master\admin\admin.php:457
Stack trace:
#0 {main}
  thrown in D:\xampp\htdocs\Worxist-Website-master\admin\admin.php on line 457
[13-Dec-2024 11:38:06 Europe/Berlin] PHP Fatal error:  Uncaught PDOException: SQLSTATE[42S22]: Column not found: 1054 Unknown column 'art_info.reason' in 'field list' in D:\xampp\htdocs\Worxist-Website-master\class\artClass.php:70
Stack trace:
#0 D:\xampp\htdocs\Worxist-Website-master\class\artClass.php(70): PDOStatement->execute()
#1 D:\xampp\htdocs\Worxist-Website-master\admin\admin.php(36): artManager->getDeclinedPosts()
#2 {main}
  thrown in D:\xampp\htdocs\Worxist-Website-master\class\artClass.php on line 70
[13-Dec-2024 11:39:21 Europe/Berlin] PHP Fatal error:  Uncaught PDOException: SQLSTATE[42S22]: Column not found: 1054 Unknown column 'art_info.banned_end_date' in 'field list' in D:\xampp\htdocs\Worxist-Website-master\class\artClass.php:69
Stack trace:
#0 D:\xampp\htdocs\Worxist-Website-master\class\artClass.php(69): PDOStatement->execute()
#1 D:\xampp\htdocs\Worxist-Website-master\admin\admin.php(36): artManager->getDeclinedPosts()
#2 {main}
  thrown in D:\xampp\htdocs\Worxist-Website-master\class\artClass.php on line 69
[13-Dec-2024 11:39:31 Europe/Berlin] PHP Fatal error:  Uncaught PDOException: SQLSTATE[42S22]: Column not found: 1054 Unknown column 'accounts.banned_end_date' in 'field list' in D:\xampp\htdocs\Worxist-Website-master\class\artClass.php:69
Stack trace:
#0 D:\xampp\htdocs\Worxist-Website-master\class\artClass.php(69): PDOStatement->execute()
#1 D:\xampp\htdocs\Worxist-Website-master\admin\admin.php(36): artManager->getDeclinedPosts()
#2 {main}
  thrown in D:\xampp\htdocs\Worxist-Website-master\class\artClass.php on line 69
[13-Dec-2024 11:39:46 Europe/Berlin] PHP Warning:  Undefined array key "reason" in D:\xampp\htdocs\Worxist-Website-master\admin\admin.php on line 533
[13-Dec-2024 11:39:46 Europe/Berlin] PHP Warning:  Undefined array key "reason" in D:\xampp\htdocs\Worxist-Website-master\admin\admin.php on line 533
[13-Dec-2024 11:40:01 Europe/Berlin] PHP Warning:  Undefined array key "reason" in D:\xampp\htdocs\Worxist-Website-master\admin\admin.php on line 533
[13-Dec-2024 11:40:01 Europe/Berlin] PHP Warning:  Undefined array key "reason" in D:\xampp\htdocs\Worxist-Website-master\admin\admin.php on line 533
